  Building Custom Rule C:/Users/Jordan/Documents/ASPIK/ALL_SDK/myprojects/JExciter/project_source/cmake/vst_cmake/CMakeLists.txt
  LinkwitzRiley2ndOrder.cpp
C:\Users\Jordan\Documents\ASPIK\ALL_SDK\myprojects\JExciter\project_source\source\PluginKernel\LinkwitzRiley2ndOrder.h(37,12): warning C4244: 'return': conversion from 'double' to 'float', possible loss of data
  pluginbase.cpp
C:\Users\Jordan\Documents\ASPIK\ALL_SDK\myprojects\JExciter\project_source\source\PluginKernel\pluginbase.cpp(804,47): warning C4267: '=': conversion from 'size_t' to 'uint32_t', possible loss of data
  plugincore.cpp
C:\Users\Jordan\Documents\ASPIK\ALL_SDK\myprojects\JExciter\project_source\source\PluginKernel\LinkwitzRiley2ndOrder.h(37,12): warning C4244: 'return': conversion from 'double' to 'float', possible loss of data
C:\Users\Jordan\Documents\ASPIK\ALL_SDK\myprojects\JExciter\project_source\source\PluginKernel\plugincore.cpp(253,17): warning C4805: '==': unsafe mix of type 'int' and type 'bool' in operation
C:\Users\Jordan\Documents\ASPIK\ALL_SDK\myprojects\JExciter\project_source\source\PluginKernel\plugincore.cpp(262,40): warning C4805: '==': unsafe mix of type 'int' and type 'bool' in operation
C:\Users\Jordan\Documents\ASPIK\ALL_SDK\myprojects\JExciter\project_source\source\PluginKernel\plugincore.cpp(271,64): warning C4805: '==': unsafe mix of type 'int' and type 'bool' in operation
C:\Users\Jordan\Documents\ASPIK\ALL_SDK\myprojects\JExciter\project_source\source\PluginKernel\plugincore.cpp(280,87): warning C4805: '==': unsafe mix of type 'int' and type 'bool' in operation
C:\Users\Jordan\Documents\ASPIK\ALL_SDK\myprojects\JExciter\project_source\source\PluginKernel\plugincore.cpp(289,17): warning C4805: '==': unsafe mix of type 'int' and type 'bool' in operation
C:\Users\Jordan\Documents\ASPIK\ALL_SDK\myprojects\JExciter\project_source\source\PluginKernel\plugincore.cpp(289,39): warning C4805: '==': unsafe mix of type 'int' and type 'bool' in operation
C:\Users\Jordan\Documents\ASPIK\ALL_SDK\myprojects\JExciter\project_source\source\PluginKernel\plugincore.cpp(298,17): warning C4805: '==': unsafe mix of type 'int' and type 'bool' in operation
C:\Users\Jordan\Documents\ASPIK\ALL_SDK\myprojects\JExciter\project_source\source\PluginKernel\plugincore.cpp(298,63): warning C4805: '==': unsafe mix of type 'int' and type 'bool' in operation
C:\Users\Jordan\Documents\ASPIK\ALL_SDK\myprojects\JExciter\project_source\source\PluginKernel\plugincore.cpp(307,17): warning C4805: '==': unsafe mix of type 'int' and type 'bool' in operation
C:\Users\Jordan\Documents\ASPIK\ALL_SDK\myprojects\JExciter\project_source\source\PluginKernel\plugincore.cpp(307,86): warning C4805: '==': unsafe mix of type 'int' and type 'bool' in operation
C:\Users\Jordan\Documents\ASPIK\ALL_SDK\myprojects\JExciter\project_source\source\PluginKernel\plugincore.cpp(316,40): warning C4805: '==': unsafe mix of type 'int' and type 'bool' in operation
C:\Users\Jordan\Documents\ASPIK\ALL_SDK\myprojects\JExciter\project_source\source\PluginKernel\plugincore.cpp(316,63): warning C4805: '==': unsafe mix of type 'int' and type 'bool' in operation
C:\Users\Jordan\Documents\ASPIK\ALL_SDK\myprojects\JExciter\project_source\source\PluginKernel\plugincore.cpp(325,40): warning C4805: '==': unsafe mix of type 'int' and type 'bool' in operation
C:\Users\Jordan\Documents\ASPIK\ALL_SDK\myprojects\JExciter\project_source\source\PluginKernel\plugincore.cpp(325,86): warning C4805: '==': unsafe mix of type 'int' and type 'bool' in operation
C:\Users\Jordan\Documents\ASPIK\ALL_SDK\myprojects\JExciter\project_source\source\PluginKernel\plugincore.cpp(334,64): warning C4805: '==': unsafe mix of type 'int' and type 'bool' in operation
C:\Users\Jordan\Documents\ASPIK\ALL_SDK\myprojects\JExciter\project_source\source\PluginKernel\plugincore.cpp(334,86): warning C4805: '==': unsafe mix of type 'int' and type 'bool' in operation
C:\Users\Jordan\Documents\ASPIK\ALL_SDK\myprojects\JExciter\project_source\source\PluginKernel\plugincore.cpp(343,17): warning C4805: '==': unsafe mix of type 'int' and type 'bool' in operation
C:\Users\Jordan\Documents\ASPIK\ALL_SDK\myprojects\JExciter\project_source\source\PluginKernel\plugincore.cpp(343,39): warning C4805: '==': unsafe mix of type 'int' and type 'bool' in operation
C:\Users\Jordan\Documents\ASPIK\ALL_SDK\myprojects\JExciter\project_source\source\PluginKernel\plugincore.cpp(343,62): warning C4805: '==': unsafe mix of type 'int' and type 'bool' in operation
C:\Users\Jordan\Documents\ASPIK\ALL_SDK\myprojects\JExciter\project_source\source\PluginKernel\plugincore.cpp(352,17): warning C4805: '==': unsafe mix of type 'int' and type 'bool' in operation
C:\Users\Jordan\Documents\ASPIK\ALL_SDK\myprojects\JExciter\project_source\source\PluginKernel\plugincore.cpp(352,39): warning C4805: '==': unsafe mix of type 'int' and type 'bool' in operation
C:\Users\Jordan\Documents\ASPIK\ALL_SDK\myprojects\JExciter\project_source\source\PluginKernel\plugincore.cpp(352,85): warning C4805: '==': unsafe mix of type 'int' and type 'bool' in operation
C:\Users\Jordan\Documents\ASPIK\ALL_SDK\myprojects\JExciter\project_source\source\PluginKernel\plugincore.cpp(361,17): warning C4805: '==': unsafe mix of type 'int' and type 'bool' in operation
C:\Users\Jordan\Documents\ASPIK\ALL_SDK\myprojects\JExciter\project_source\source\PluginKernel\plugincore.cpp(361,63): warning C4805: '==': unsafe mix of type 'int' and type 'bool' in operation
C:\Users\Jordan\Documents\ASPIK\ALL_SDK\myprojects\JExciter\project_source\source\PluginKernel\plugincore.cpp(361,85): warning C4805: '==': unsafe mix of type 'int' and type 'bool' in operation
C:\Users\Jordan\Documents\ASPIK\ALL_SDK\myprojects\JExciter\project_source\source\PluginKernel\plugincore.cpp(370,40): warning C4805: '==': unsafe mix of type 'int' and type 'bool' in operation
C:\Users\Jordan\Documents\ASPIK\ALL_SDK\myprojects\JExciter\project_source\source\PluginKernel\plugincore.cpp(370,63): warning C4805: '==': unsafe mix of type 'int' and type 'bool' in operation
C:\Users\Jordan\Documents\ASPIK\ALL_SDK\myprojects\JExciter\project_source\source\PluginKernel\plugincore.cpp(370,85): warning C4805: '==': unsafe mix of type 'int' and type 'bool' in operation
C:\Users\Jordan\Documents\ASPIK\ALL_SDK\myprojects\JExciter\project_source\source\PluginKernel\plugincore.cpp(379,17): warning C4805: '==': unsafe mix of type 'int' and type 'bool' in operation
C:\Users\Jordan\Documents\ASPIK\ALL_SDK\myprojects\JExciter\project_source\source\PluginKernel\plugincore.cpp(379,39): warning C4805: '==': unsafe mix of type 'int' and type 'bool' in operation
C:\Users\Jordan\Documents\ASPIK\ALL_SDK\myprojects\JExciter\project_source\source\PluginKernel\plugincore.cpp(379,62): warning C4805: '==': unsafe mix of type 'int' and type 'bool' in operation
C:\Users\Jordan\Documents\ASPIK\ALL_SDK\myprojects\JExciter\project_source\source\PluginKernel\plugincore.cpp(379,84): warning C4805: '==': unsafe mix of type 'int' and type 'bool' in operation
C:\Users\Jordan\Documents\ASPIK\ALL_SDK\myprojects\JExciter\project_source\source\PluginKernel\plugincore.cpp(452,24): warning C4244: 'argument': conversion from 'double' to 'float', possible loss of data
C:\Users\Jordan\Documents\ASPIK\ALL_SDK\myprojects\JExciter\project_source\source\PluginKernel\plugincore.cpp(453,25): warning C4244: 'argument': conversion from 'double' to 'float', possible loss of data
C:\Users\Jordan\Documents\ASPIK\ALL_SDK\myprojects\JExciter\project_source\source\PluginKernel\plugincore.cpp(454,25): warning C4244: 'argument': conversion from 'double' to 'float', possible loss of data
C:\Users\Jordan\Documents\ASPIK\ALL_SDK\myprojects\JExciter\project_source\source\PluginKernel\plugincore.cpp(455,25): warning C4244: 'argument': conversion from 'double' to 'float', possible loss of data
C:\Users\Jordan\Documents\ASPIK\ALL_SDK\myprojects\JExciter\project_source\source\PluginKernel\plugincore.cpp(456,25): warning C4244: 'argument': conversion from 'double' to 'float', possible loss of data
C:\Users\Jordan\Documents\ASPIK\ALL_SDK\myprojects\JExciter\project_source\source\PluginKernel\plugincore.cpp(457,24): warning C4244: 'argument': conversion from 'double' to 'float', possible loss of data
C:\Users\Jordan\Documents\ASPIK\ALL_SDK\myprojects\JExciter\project_source\source\PluginKernel\plugincore.cpp(487,42): warning C4244: '=': conversion from 'double' to 'float', possible loss of data
C:\Users\Jordan\Documents\ASPIK\ALL_SDK\myprojects\JExciter\project_source\source\PluginKernel\plugincore.cpp(510,26): warning C4244: 'argument': conversion from 'double' to 'float', possible loss of data
C:\Users\Jordan\Documents\ASPIK\ALL_SDK\myprojects\JExciter\project_source\source\PluginKernel\plugincore.cpp(511,26): warning C4244: 'argument': conversion from 'double' to 'float', possible loss of data
C:\Users\Jordan\Documents\ASPIK\ALL_SDK\myprojects\JExciter\project_source\source\PluginKernel\plugincore.cpp(512,27): warning C4244: 'argument': conversion from 'double' to 'float', possible loss of data
C:\Users\Jordan\Documents\ASPIK\ALL_SDK\myprojects\JExciter\project_source\source\PluginKernel\plugincore.cpp(513,27): warning C4244: 'argument': conversion from 'double' to 'float', possible loss of data
C:\Users\Jordan\Documents\ASPIK\ALL_SDK\myprojects\JExciter\project_source\source\PluginKernel\plugincore.cpp(514,27): warning C4244: 'argument': conversion from 'double' to 'float', possible loss of data
C:\Users\Jordan\Documents\ASPIK\ALL_SDK\myprojects\JExciter\project_source\source\PluginKernel\plugincore.cpp(515,27): warning C4244: 'argument': conversion from 'double' to 'float', possible loss of data
C:\Users\Jordan\Documents\ASPIK\ALL_SDK\myprojects\JExciter\project_source\source\PluginKernel\plugincore.cpp(516,27): warning C4244: 'argument': conversion from 'double' to 'float', possible loss of data
C:\Users\Jordan\Documents\ASPIK\ALL_SDK\myprojects\JExciter\project_source\source\PluginKernel\plugincore.cpp(517,27): warning C4244: 'argument': conversion from 'double' to 'float', possible loss of data
C:\Users\Jordan\Documents\ASPIK\ALL_SDK\myprojects\JExciter\project_source\source\PluginKernel\plugincore.cpp(518,27): warning C4244: 'argument': conversion from 'double' to 'float', possible loss of data
C:\Users\Jordan\Documents\ASPIK\ALL_SDK\myprojects\JExciter\project_source\source\PluginKernel\plugincore.cpp(519,27): warning C4244: 'argument': conversion from 'double' to 'float', possible loss of data
C:\Users\Jordan\Documents\ASPIK\ALL_SDK\myprojects\JExciter\project_source\source\PluginKernel\plugincore.cpp(520,26): warning C4244: 'argument': conversion from 'double' to 'float', possible loss of data
C:\Users\Jordan\Documents\ASPIK\ALL_SDK\myprojects\JExciter\project_source\source\PluginKernel\plugincore.cpp(521,26): warning C4244: 'argument': conversion from 'double' to 'float', possible loss of data
C:\Users\Jordan\Documents\ASPIK\ALL_SDK\myprojects\JExciter\project_source\source\PluginKernel\plugincore.cpp(564,42): warning C4244: '=': conversion from 'double' to 'float', possible loss of data
C:\Users\Jordan\Documents\ASPIK\ALL_SDK\myprojects\JExciter\project_source\source\PluginKernel\plugincore.cpp(565,42): warning C4244: '=': conversion from 'double' to 'float', possible loss of data
C:\Users\Jordan\Documents\ASPIK\ALL_SDK\myprojects\JExciter\project_source\source\PluginKernel\plugincore.cpp(587,26): warning C4244: 'argument': conversion from 'double' to 'float', possible loss of data
C:\Users\Jordan\Documents\ASPIK\ALL_SDK\myprojects\JExciter\project_source\source\PluginKernel\plugincore.cpp(588,26): warning C4244: 'argument': conversion from 'double' to 'float', possible loss of data
C:\Users\Jordan\Documents\ASPIK\ALL_SDK\myprojects\JExciter\project_source\source\PluginKernel\plugincore.cpp(589,27): warning C4244: 'argument': conversion from 'double' to 'float', possible loss of data
C:\Users\Jordan\Documents\ASPIK\ALL_SDK\myprojects\JExciter\project_source\source\PluginKernel\plugincore.cpp(590,27): warning C4244: 'argument': conversion from 'double' to 'float', possible loss of data
C:\Users\Jordan\Documents\ASPIK\ALL_SDK\myprojects\JExciter\project_source\source\PluginKernel\plugincore.cpp(591,27): warning C4244: 'argument': conversion from 'double' to 'float', possible loss of data
C:\Users\Jordan\Documents\ASPIK\ALL_SDK\myprojects\JExciter\project_source\source\PluginKernel\plugincore.cpp(592,27): warning C4244: 'argument': conversion from 'double' to 'float', possible loss of data
C:\Users\Jordan\Documents\ASPIK\ALL_SDK\myprojects\JExciter\project_source\source\PluginKernel\plugincore.cpp(593,27): warning C4244: 'argument': conversion from 'double' to 'float', possible loss of data
C:\Users\Jordan\Documents\ASPIK\ALL_SDK\myprojects\JExciter\project_source\source\PluginKernel\plugincore.cpp(594,27): warning C4244: 'argument': conversion from 'double' to 'float', possible loss of data
C:\Users\Jordan\Documents\ASPIK\ALL_SDK\myprojects\JExciter\project_source\source\PluginKernel\plugincore.cpp(595,27): warning C4244: 'argument': conversion from 'double' to 'float', possible loss of data
C:\Users\Jordan\Documents\ASPIK\ALL_SDK\myprojects\JExciter\project_source\source\PluginKernel\plugincore.cpp(596,27): warning C4244: 'argument': conversion from 'double' to 'float', possible loss of data
C:\Users\Jordan\Documents\ASPIK\ALL_SDK\myprojects\JExciter\project_source\source\PluginKernel\plugincore.cpp(597,26): warning C4244: 'argument': conversion from 'double' to 'float', possible loss of data
C:\Users\Jordan\Documents\ASPIK\ALL_SDK\myprojects\JExciter\project_source\source\PluginKernel\plugincore.cpp(598,26): warning C4244: 'argument': conversion from 'double' to 'float', possible loss of data
C:\Users\Jordan\Documents\ASPIK\ALL_SDK\myprojects\JExciter\project_source\source\PluginKernel\plugincore.cpp(642,42): warning C4244: '=': conversion from 'double' to 'float', possible loss of data
C:\Users\Jordan\Documents\ASPIK\ALL_SDK\myprojects\JExciter\project_source\source\PluginKernel\plugincore.cpp(643,42): warning C4244: '=': conversion from 'double' to 'float', possible loss of data
  plugingui.cpp
C:\Users\Jordan\Documents\ASPIK\ALL_SDK\myprojects\JExciter\project_source\source\PluginKernel\plugingui.h(215,64): warning C4244: 'argument': conversion from 'double' to 'float', possible loss of data
C:\Users\Jordan\Documents\ASPIK\ALL_SDK\myprojects\JExciter\project_source\source\CustomControls\customviews.h(684,23): warning C4018: '<': signed/unsigned mismatch
C:\Users\Jordan\Documents\ASPIK\ALL_SDK\myprojects\JExciter\project_source\source\CustomControls\customviews.h(700,1): warning C4267: 'initializing': conversion from 'size_t' to 'int32_t', possible loss of data
C:\Users\Jordan\Documents\ASPIK\ALL_SDK\myprojects\JExciter\project_source\source\CustomControls\customviews.h(704,41): warning C4244: 'argument': conversion from 'uint32_t' to 'float', possible loss of data
C:\Users\Jordan\Documents\ASPIK\ALL_SDK\myprojects\JExciter\project_source\source\CustomControls\customviews.h(713,31): warning C4018: '<': signed/unsigned mismatch
C:\Users\Jordan\Documents\ASPIK\ALL_SDK\myprojects\JExciter\project_source\source\CustomControls\customviews.h(715,23): warning C4018: '<': signed/unsigned mismatch
C:\Users\Jordan\Documents\ASPIK\ALL_SDK\myprojects\JExciter\project_source\source\PluginKernel\plugingui.cpp(1578,31): warning C4244: '=': conversion from 'double' to 'float', possible loss of data
C:\Users\Jordan\Documents\ASPIK\ALL_SDK\myprojects\JExciter\project_source\source\PluginKernel\plugingui.cpp(1579,31): warning C4244: '=': conversion from 'double' to 'float', possible loss of data
C:\Users\Jordan\Documents\ASPIK\ALL_SDK\myprojects\JExciter\project_source\source\PluginKernel\plugingui.cpp(1590,61): warning C4244: '=': conversion from 'double' to 'float', possible loss of data
C:\Users\Jordan\Documents\ASPIK\ALL_SDK\myprojects\JExciter\project_source\source\PluginKernel\plugingui.cpp(2463,49): warning C4267: 'initializing': conversion from 'size_t' to 'int', possible loss of data
  pluginparameter.cpp
  factory.cpp
  customparameters.cpp
  vst3plugin.cpp
C:\Users\Jordan\Documents\ASPIK\ALL_SDK\myprojects\JExciter\project_source\source\vst_source\vst3plugin.cpp(322,57): warning C4267: 'initializing': conversion from 'size_t' to 'int', possible loss of data
C:\Users\Jordan\Documents\ASPIK\ALL_SDK\myprojects\JExciter\project_source\source\vst_source\vst3plugin.cpp(322,21): warning C4189: 'count': local variable is initialized but not referenced
  customcontrols.cpp
  customviews.cpp
C:\Users\Jordan\Documents\ASPIK\ALL_SDK\myprojects\JExciter\project_source\source\CustomControls\customviews.h(684,23): warning C4018: '<': signed/unsigned mismatch
C:\Users\Jordan\Documents\ASPIK\ALL_SDK\myprojects\JExciter\project_source\source\CustomControls\customviews.h(700,1): warning C4267: 'initializing': conversion from 'size_t' to 'int32_t', possible loss of data
C:\Users\Jordan\Documents\ASPIK\ALL_SDK\myprojects\JExciter\project_source\source\CustomControls\customviews.h(704,41): warning C4244: 'argument': conversion from 'uint32_t' to 'float', possible loss of data
C:\Users\Jordan\Documents\ASPIK\ALL_SDK\myprojects\JExciter\project_source\source\CustomControls\customviews.h(713,31): warning C4018: '<': signed/unsigned mismatch
C:\Users\Jordan\Documents\ASPIK\ALL_SDK\myprojects\JExciter\project_source\source\CustomControls\customviews.h(715,23): warning C4018: '<': signed/unsigned mismatch
C:\Users\Jordan\Documents\ASPIK\ALL_SDK\myprojects\JExciter\project_source\source\CustomControls\customviews.cpp(80,30): warning C4244: 'argument': conversion from 'double' to 'float', possible loss of data
C:\Users\Jordan\Documents\ASPIK\ALL_SDK\myprojects\JExciter\project_source\source\CustomControls\customviews.cpp(481,44): warning C4244: 'argument': conversion from 'double' to 'float', possible loss of data
  vstsinglecomponenteffect.cpp
  dllmain.cpp
  Generating Code...
  [SMTG] Copied ../../resources/PluginGUI.uidesc to C:/Users/Jordan/Documents/ASPIK/ALL_SDK/myprojects/JExciter/win_build/VST3/Release/JExciter_VST.vst3/Contents/Resources
     Creating library C:/Users/Jordan/Documents/ASPIK/ALL_SDK/myprojects/JExciter/win_build/lib/Release/JExciter_VST.lib and object C:/Users/Jordan/Documents/ASPIK/ALL_SDK/myprojects/JExciter/win_build/lib/Release/JExciter_VST.exp
  JExciter_VST.vcxproj -> C:\Users\Jordan\Documents\ASPIK\ALL_SDK\myprojects\JExciter\win_build\VST3\Release\JExciter_VST.vst3\Contents\x86_64-win\JExciter_VST.vst3
  [SMTG] Copy PlugIn.ico and desktop.ini and change their attributes.		[SMTG] Copy PlugIn.ico and desktop.ini and change their attributes.
  [SMTG] Validator started...
  * Loading module...
  
  	C:/Users/Jordan/Documents/ASPIK/ALL_SDK/myprojects/JExciter/win_build/VST3/Release/JExciter_VST.vst3/Contents/x86_64-win/JExciter_VST.vst3
  
  * Scanning classes...
  
    Factory Info:
  	vendor = JEPlugins
  	url = 
  	email = 
  
    Class Info 0:
  	name = JExciter
  	category = Audio Module Class
  	subCategories = Fx
  	version = 1.0.0.001
  	sdkVersion = VST 3.7.2
  	cid = 9C567B9D2B7D30829416BC6F6B0BFB10
  
  * Checking snapshots...
  
  Info: No snapshots in Bundle.
  
  * Creating tests...
  
  * Running tests...
  
  -------------------------------------------------------------
  TestSuite : JExciter
  -------------------------------------------------------------
  
  -------------------------------------------------------------
  TestSuite : General Tests
  -------------------------------------------------------------
  
  [Scan Editor Classes]
  Info:  ===Scan Editor Classes ====================================
  Info:  Processor and edit controller united.
  [Succeeded]
  
  [Scan Buses]
  Info:  ===Scan Buses ====================================
  Info:  => Audio Buses: [1 In(s) => 1 Out(s)]
  Info:       In [0]: "Stereo Input" (Main-Default Active) 
  Info:       Out[0]: "Stereo Output" (Main-Default Active) 
  Info:  => Event Buses: [1 In(s) => 0 Out(s)]
  Info:       In [0]: "Event Input" (Main-Default Active) 
  [Succeeded]
  
  [Scan Parameters]
  Info:  ===Scan Parameters ====================================
  Info:  This component exports 19 parameter(s)
  Info:     Parameter 000 (id=0): [title="LowOn"] [unit=""] [type = T, default = 0.000000, unit = 0]
  Info:     Parameter 001 (id=1): [title="LowMidOn"] [unit=""] [type = T, default = 0.000000, unit = 0]
  Info:     Parameter 002 (id=2): [title="HighMidOn"] [unit=""] [type = T, default = 0.000000, unit = 0]
  Info:     Parameter 003 (id=3): [title="TrebleOn"] [unit=""] [type = T, default = 0.000000, unit = 0]
  Info:     Parameter 004 (id=4): [title="LowSolo"] [unit=""] [type = T, default = 0.000000, unit = 0]
  Info:     Parameter 005 (id=5): [title="LowMidSolo"] [unit=""] [type = T, default = 0.000000, unit = 0]
  Info:     Parameter 006 (id=6): [title="HighMidSolo"] [unit=""] [type = T, default = 0.000000, unit = 0]
  Info:     Parameter 007 (id=7): [title="TrebleSolo"] [unit=""] [type = T, default = 0.000000, unit = 0]
  Info:     Parameter 008 (id=8): [title="LowSat"] [unit="dB"] [type = F, default = 0.000000, unit = 0]
  Info:     Parameter 009 (id=9): [title="LowMidSat"] [unit="dB"] [type = F, default = 0.000000, unit = 0]
  Info:     Parameter 010 (id=10): [title="HighMidSat"] [unit="dB"] [type = F, default = 0.000000, unit = 0]
  Info:     Parameter 011 (id=11): [title="TrebleSat"] [unit="dB"] [type = F, default = 0.000000, unit = 0]
  Info:     Parameter 012 (id=12): [title="LowMix"] [unit="Pct"] [type = F, default = 0.500000, unit = 0]
  Info:     Parameter 013 (id=13): [title="LowMidMix"] [unit="Pct"] [type = F, default = 0.500000, unit = 0]
  Info:     Parameter 014 (id=14): [title="HighMidMix"] [unit="Pct"] [type = F, default = 0.500000, unit = 0]
  Info:     Parameter 015 (id=15): [title="TrebleMix"] [unit="Pct"] [type = F, default = 0.500000, unit = 0]
  Info:     Parameter 016 (id=16): [title="MasterVolume"] [unit="dB"] [type = F, default = 0.833333, unit = 0]
  Info:     Parameter 017 (id=131077): [title="Scale GUI"] [unit=""] [type = D, default = 0.000000, unit = 0]
  Info:     Parameter 018 (id=131072): [title="Bypass"] [unit=""] [type = F, default = 0.000000, unit = 0]
  [Succeeded]
  
  [MIDI Mapping]
  Info:  ===MIDI Mapping ====================================
  Info:  MIDI Mapping getMidiControllerAssignment (0, 0) : no assignment available!
  Info:  MIDI Mapping getMidiControllerAssignment (0, 1) : no assignment available!
  Info:  MIDI Mapping getMidiControllerAssignment (0, 2) : no assignment available!
  Info:  MIDI Mapping getMidiControllerAssignment (0, 3) : no assignment available!
  Info:  MIDI Mapping getMidiControllerAssignment (0, 4) : no assignment available!
  Info:  MIDI Mapping getMidiControllerAssignment (0, 5) : no assignment available!
  Info:  MIDI Mapping getMidiControllerAssignment (0, 6) : no assignment available!
  Info:  MIDI Mapping getMidiControllerAssignment (0, 7) : no assignment available!
  Info:  MIDI Mapping getMidiControllerAssignment (0, 8) : no assignment available!
  Info:  MIDI Mapping getMidiControllerAssignment (0, 9) : no assignment available!
  Info:  MIDI Mapping getMidiControllerAssignment (0, 10) : no assignment available!
  Info:  MIDI Mapping getMidiControllerAssignment (0, 11) : no assignment available!
  Info:  MIDI Mapping getMidiControllerAssignment (0, 12) : no assignment available!
  Info:  MIDI Mapping getMidiControllerAssignment (0, 13) : no assignment available!
  Info:  MIDI Mapping getMidiControllerAssignment (0, 14) : no assignment available!
  Info:  MIDI Mapping getMidiControllerAssignment (0, 15) : no assignment available!
  [Succeeded]
  
  [MIDI Learn]
  Info:  ===MIDI Learn ====================================
  Info:  No MIDI Learn interface supplied!
  [Succeeded]
  
  [Scan Units]
  Info:  ===Scan Units ====================================
  Info:  This component has 1 unit(s).
  Info:     Unit000 (ID = 1): "RootUnit" (parent ID = 0, programlist ID = -1)
  [Succeeded]
  
  [Scan Programs]
  Info:  ===Scan Programs ====================================
  Info:  This component does not export any programs.
  [Succeeded]
  
  [Terminate/Initialize]
  Info:  ===Terminate/Initialize ====================================
  [Succeeded]
  
  [Check Unit Structure]
  Info:  ===Check Unit Structure ====================================
  Info:  All units have valid parent IDs.
  [Succeeded]
  
  [Valid State Transition 32bits]
  Info:  ===Valid State Transition 32bits ====================================
  [Succeeded]
  
  [Valid State Transition 64bits]
  Info:  ===Valid State Transition 64bits ====================================
  Info:  64bit Audio Processing not supported.
  [Succeeded]
  
  [Bus Consistency]
  Info:  ===Bus Consistency ====================================
  [Succeeded]
  
  [Bus Activation]
  Info:  ===Bus Activation ====================================
  Info:     Bus Activation: Input Audio Bus (0) (kMain)
  Info:     Bus Activation: Output Audio Bus (0) (kMain)
  Info:     Bus Activation: Input Event Bus (0) (kMain)
  [Succeeded]
  
  [Check Audio Bus Arrangement]
  Info:  ===Check Audio Bus Arrangement ====================================
  Info:     Check Input Audio Bus Arrangement (0)
  Info:     Check Output Audio Bus Arrangement (0)
  [Succeeded]
  
  [SideChain Arrangement]
  Info:  ===SideChain Arrangement ====================================
  [Succeeded]
  
  [Suspend/Resume]
  Info:  ===Suspend/Resume ====================================
  [Succeeded]
  
  [Note Expression]
  Info:  ===Note Expression ====================================
  Info:  No Note Expression interface supplied!
  [Succeeded]
  
  [Keyswitch]
  Info:  ===Keyswitch ====================================
  Info:  No Keyswitch interface supplied!
  [Succeeded]
  
  [ProcessContext Requirements]
  Info:  ===ProcessContext Requirements ====================================
  Info:  ProcessContextRequirements:
  Info:   - Tempo
  [Succeeded]
  
  -------------------------------------------------------------
  TestSuite : Single Precision (32 bit) Tests
  -------------------------------------------------------------
  
  [Process Test]
  [Succeeded]
  
  [Process function running in another thread]
  Info:  ===Process function running in another thread ====================================
  [Succeeded]
  
  [Silence Flags]
  Info:  ===Silence Flags ====================================
  [Succeeded]
  
  [Silence Processing]
  Info:  ===Silence Processing ====================================
  [Succeeded]
  
  [Parameters Flush (no Buffer)]
  Info:  ===Parameters Flush (no Buffer) ====================================
  [Succeeded]
  
  [Parameters Flush 2 (only numChannel==0)]
  Info:  ===Parameters Flush 2 (only numChannel==0) ====================================
  [Succeeded]
  
  [Parameters Flush 2 (no Buffer, no parameter change)]
  Info:  ===Parameters Flush 2 (no Buffer, no parameter change) ====================================
  [Succeeded]
  
  [Variable Block Size]
  Info:  ===Variable Block Size ====================================
  [Succeeded]
  
  [Process Format]
  Info:  ===Process Format ====================================
  Info:  ***Tested Sample Rates***
  Info:        22050 Hz - processed successfully!
  Info:        32000 Hz - processed successfully!
  Info:        44100 Hz - processed successfully!
  Info:        48000 Hz - processed successfully!
  Info:        88200 Hz - processed successfully!
  Info:        96000 Hz - processed successfully!
  Info:       192000 Hz - processed successfully!
  Info:       384000 Hz - processed successfully!
  Info:    1234.5678 Hz - processed successfully!
  Info:    12345.678 Hz - processed successfully!
  Info:    123456.78 Hz - processed successfully!
  Info:    1234567.8 Hz - processed successfully!
  [Succeeded]
  
  [Parameter Bypass persistence]
  Info:  ===Parameter Bypass persistence ====================================
  [Succeeded]
  
  [In: Stereo: 2 Channels, Out: Stereo: 2 Channels]
  Info:  ===In: Stereo: 2 Channels, Out: Stereo: 2 Channels ====================================
  [Succeeded]
  
  [In: Mono: 1 Channels, Out: Mono: 1 Channels]
  Info:  ===In: Mono: 1 Channels, Out: Mono: 1 Channels ====================================
  [Succeeded]
  
  [Accuracy: Block, 1 Parameters, Change every100 Samples]
  Info:  ===Accuracy: Block, 1 Parameters, Change every100 Samples ====================================
  [Succeeded]
  
  [Accuracy: Sample, 1 Parameters, Change every100 Samples]
  Info:  ===Accuracy: Sample, 1 Parameters, Change every100 Samples ====================================
  Info:     Not all points have been read via IParameterChanges
  Info:     Not all points have been read via IParameterChanges
  [Succeeded]
  
  -------------------------------------------------------------
  TestSuite : Double Precision (64 bit) Tests
  -------------------------------------------------------------
  
  [Process Test]
  Info:  64bit Audio Processing not supported.
  [Succeeded]
  
  [Process function running in another thread]
  Info:  64bit Audio Processing not supported.
  [Succeeded]
  
  [Silence Flags]
  Info:  64bit Audio Processing not supported.
  [Succeeded]
  
  [Silence Processing]
  Info:  64bit Audio Processing not supported.
  [Succeeded]
  
  [Parameters Flush (no Buffer)]
  Info:  64bit Audio Processing not supported.
  [Succeeded]
  
  [Parameters Flush 2 (only numChannel==0)]
  Info:  64bit Audio Processing not supported.
  [Succeeded]
  
  [Parameters Flush 2 (no Buffer, no parameter change)]
  Info:  64bit Audio Processing not supported.
  [Succeeded]
  
  [Variable Block Size]
  Info:  64bit Audio Processing not supported.
  [Succeeded]
  
  [Process Format]
  Info:  64bit Audio Processing not supported.
  [Succeeded]
  
  [Parameter Bypass persistence]
  Info:  64bit Audio Processing not supported.
  [Succeeded]
  
  [In: Stereo: 2 Channels, Out: Stereo: 2 Channels]
  Info:  ===In: Stereo: 2 Channels, Out: Stereo: 2 Channels ====================================
  Info:  64bit Audio Processing not supported.
  [Succeeded]
  
  [In: Mono: 1 Channels, Out: Mono: 1 Channels]
  Info:  ===In: Mono: 1 Channels, Out: Mono: 1 Channels ====================================
  Info:  64bit Audio Processing not supported.
  [Succeeded]
  
  [Accuracy: Block, 1 Parameters, Change every100 Samples]
  Info:  ===Accuracy: Block, 1 Parameters, Change every100 Samples ====================================
  Info:  64bit Audio Processing not supported.
  [Succeeded]
  
  [Accuracy: Sample, 1 Parameters, Change every100 Samples]
  Info:  ===Accuracy: Sample, 1 Parameters, Change every100 Samples ====================================
  Info:  64bit Audio Processing not supported.
  [Succeeded]
  
  -------------------------------------------------------------
  Result: 47 tests passed, 0 tests failed
  -------------------------------------------------------------
  [SMTG] Validator finished.
