  Building Custom Rule C:/Users/Jordan/Documents/ASPIK/ALL_SDK/myprojects/vstgui4/vstgui/lib/CMakeLists.txt
  animations.cpp
  animator.cpp
  timingfunctions.cpp
  cbitmap.cpp
  cbitmapfilter.cpp
  ccolor.cpp
  cdatabrowser.cpp
  cdrawcontext.cpp
  cdrawmethods.cpp
  cdropsource.cpp
  cfileselector.cpp
  cfont.cpp
  cframe.cpp
  cgradientview.cpp
  cgraphicspath.cpp
  clayeredviewcontainer.cpp
  clinestyle.cpp
  coffscreencontext.cpp
  cautoanimation.cpp
  cbuttons.cpp
  Generating Code...
  Compiling...
  ccolorchooser.cpp
  ccontrol.cpp
  cfontchooser.cpp
  cknob.cpp
  clistcontrol.cpp
  cmoviebitmap.cpp
  cmoviebutton.cpp
  coptionmenu.cpp
  cparamdisplay.cpp
  cscrollbar.cpp
  csearchtextedit.cpp
  csegmentbutton.cpp
  cslider.cpp
  cspecialdigit.cpp
  csplashscreen.cpp
  cstringlist.cpp
  cswitch.cpp
  ctextedit.cpp
  ctextlabel.cpp
  cvumeter.cpp
  Generating Code...
  Compiling...
  cxypad.cpp
  copenglview.cpp
  cpoint.cpp
  crect.cpp
  crowcolumnview.cpp
  cscrollview.cpp
  cshadowviewcontainer.cpp
  csplitview.cpp
  cstring.cpp
  ctabview.cpp
  ctooltipsupport.cpp
  cview.cpp
C:\Users\Jordan\Documents\ASPIK\ALL_SDK\myprojects\vstgui4\vstgui\lib\cview.cpp(1010,24): warning C4996: 'VSTGUI::Animation::Animator::addAnimation': was declared deprecated
  cviewcontainer.cpp
  cvstguitimer.cpp
  genericstringlistdatabrowsersource.cpp
  genericoptionmenu.cpp
  vstguidebug.cpp
  fileresourceinputstream.cpp
  d2dbitmap.cpp
  d2ddrawcontext.cpp
  Generating Code...
  Compiling...
  d2dfont.cpp
  d2dgraphicspath.cpp
  win32datapackage.cpp
  win32dragging.cpp
  win32frame.cpp
  win32openglview.cpp
  win32optionmenu.cpp
  win32support.cpp
  win32textedit.cpp
  winfileselector.cpp
  winstring.cpp
  wintimer.cpp
  Generating Code...
  vstgui.vcxproj -> C:\Users\Jordan\Documents\ASPIK\ALL_SDK\myprojects\JExciter\win_build\lib\Release\vstgui.lib
