C:\Program Files (x86)\Microsoft Visual Studio\2019\Community\MSBuild\Microsoft\VC\v160\Microsoft.CppBuild.targets(513,5): warning MSB8028: The intermediate directory (vstgui_uidescription.dir\Debug\) contains files shared from another project (vstgui_uidescription.vcxproj).  This can lead to incorrect clean and rebuild behavior.
  Building Custom Rule C:/Users/Jordan/Documents/ASPIK/ALL_SDK/myprojects/vstgui4/vstgui/uidescription/CMakeLists.txt
  compresseduidescription.cpp
C:\Users\Jordan\Documents\ASPIK\ALL_SDK\myprojects\vstgui4\vstgui\uidescription\miniz/miniz.c(2378,139): warning C4334: '<<': result of 32-bit shift implicitly converted to 64 bits (was 64-bit shift intended?)
  cstream.cpp
  uiattributes.cpp
  uidescription.cpp
  uiviewcreator.cpp
  uiviewfactory.cpp
  uiviewswitchcontainer.cpp
  xmlparser.cpp
  uiactions.cpp
  uiattributescontroller.cpp
  uibitmapscontroller.cpp
  uicolor.cpp
  uicolorchoosercontroller.cpp
  uicolorscontroller.cpp
  uicolorslider.cpp
  uicrosslines.cpp
  uidialogcontroller.cpp
  uieditcontroller.cpp
  uieditmenucontroller.cpp
  uieditview.cpp
  Generating Code...
  Compiling...
  uifocussettingscontroller.cpp
  uifontscontroller.cpp
  uigradientscontroller.cpp
  uigridcontroller.cpp
  uioverlayview.cpp
  uiselection.cpp
  uitagscontroller.cpp
  uitemplatecontroller.cpp
  uitemplatesettingscontroller.cpp
  uiundomanager.cpp
  uiviewcreatecontroller.cpp
  animationsplashscreencreator.cpp
  animknobcreator.cpp
  checkboxcreator.cpp
  controlcreator.cpp
  gradientviewcreator.cpp
  kickbuttoncreator.cpp
  knobcreator.cpp
  layeredviewcontainercreator.cpp
  moviebitmapcreator.cpp
  Generating Code...
  Compiling...
  moviebuttoncreator.cpp
  multibitmapcontrolcreator.cpp
  multilinetextlabelcreator.cpp
  onoffbuttoncreator.cpp
  optionmenucreator.cpp
  paramdisplaycreator.cpp
  rockerswitchcreator.cpp
  rowcolumnviewcreator.cpp
  scrollviewcreator.cpp
  searchtexteditcreator.cpp
  segmentbuttoncreator.cpp
  shadowviewcontainercreator.cpp
  sliderviewcreator.cpp
  splitviewcreator.cpp
  stringlistcontrolcreator.cpp
  switchcreators.cpp
  textbuttoncreator.cpp
  texteditcreator.cpp
  textlabelcreator.cpp
  uiviewswitchcontainercreator.cpp
  Generating Code...
  Compiling...
  viewcontainercreator.cpp
  viewcreator.cpp
  vumetercreator.cpp
  xypadcreator.cpp
  Generating Code...
  vstgui_uidescription.vcxproj -> C:\Users\Jordan\Documents\ASPIK\ALL_SDK\myprojects\JExciter\win_build\lib\Debug\vstgui_uidescription.lib
